<?xml version="1.0" encoding="UTF-8"?>
<testsuite name="Linux-c++"
	tests="12"
	failures="0"
	disabled="0"
	skipped="0"
	hostname="e48daf45185a"
	time="0"
	timestamp="2025-01-05T01:19:02"
	>
	<testcase name="Gen::BuildInfoTest: all" classname="Gen::BuildInfoTest: all" time="0.0028839" status="run">
		<system-out>[doctest] doctest version is "2.4.11"
[doctest] run with "--help" for options
===============================================================================
[doctest] test cases:  1 |  1 passed | 0 failed | 1 skipped
[doctest] assertions: 15 | 15 passed | 0 failed |
[doctest] Status: SUCCESS!
</system-out>
	</testcase>
	<testcase name="Gen::StringUtilsTest: all" classname="Gen::StringUtilsTest: all" time="0.00286613" status="run">
		<system-out>[doctest] doctest version is "2.4.11"
[doctest] run with "--help" for options
===============================================================================
[doctest] test cases:  1 |  1 passed | 0 failed | 1 skipped
[doctest] assertions: 33 | 33 passed | 0 failed |
[doctest] Status: SUCCESS!
</system-out>
	</testcase>
	<testcase name="Codec::CodecFast:all" classname="Codec::CodecFast:all" time="0.00262434" status="run">
		<system-out>[doctest] doctest version is "2.4.11"
[doctest] run with "--help" for options
===============================================================================
[doctest] test cases: 1 | 1 passed | 0 failed | 7 skipped
[doctest] assertions: 1 | 1 passed | 0 failed |
[doctest] Status: SUCCESS!
</system-out>
	</testcase>
	<testcase name="Codec::CodecSlow:all" classname="Codec::CodecSlow:all" time="0.00264836" status="run">
		<system-out>[doctest] doctest version is "2.4.11"
[doctest] run with "--help" for options
===============================================================================
[doctest] test cases: 1 | 1 passed | 0 failed | 7 skipped
[doctest] assertions: 1 | 1 passed | 0 failed |
[doctest] Status: SUCCESS!
</system-out>
	</testcase>
	<testcase name="Codec::EnumChannelDirectionTest: toString" classname="Codec::EnumChannelDirectionTest: toString" time="0.00266211" status="run">
		<system-out>[doctest] doctest version is "2.4.11"
[doctest] run with "--help" for options
===============================================================================
[doctest] test cases: 1 | 1 passed | 0 failed | 7 skipped
[doctest] assertions: 3 | 3 passed | 0 failed |
[doctest] Status: SUCCESS!
</system-out>
	</testcase>
	<testcase name="Codec::EnumChannelDirectionTest: fromString" classname="Codec::EnumChannelDirectionTest: fromString" time="0.0027702" status="run">
		<system-out>[doctest] doctest version is "2.4.11"
[doctest] run with "--help" for options
===============================================================================
[doctest] test cases: 1 | 1 passed | 0 failed | 7 skipped
[doctest] assertions: 4 | 4 passed | 0 failed |
[doctest] Status: SUCCESS!
</system-out>
	</testcase>
	<testcase name="Codec::EnumChannelDirectionTest: isConvertibleFrom" classname="Codec::EnumChannelDirectionTest: isConvertibleFrom" time="0.00268413" status="run">
		<system-out>[doctest] doctest version is "2.4.11"
[doctest] run with "--help" for options
===============================================================================
[doctest] test cases: 1 | 1 passed | 0 failed | 7 skipped
[doctest] assertions: 4 | 4 passed | 0 failed |
[doctest] Status: SUCCESS!
</system-out>
	</testcase>
	<testcase name="Codec::EnumChannelDirectionTest: fromUnsigned" classname="Codec::EnumChannelDirectionTest: fromUnsigned" time="0.00268176" status="run">
		<system-out>[doctest] doctest version is "2.4.11"
[doctest] run with "--help" for options
===============================================================================
[doctest] test cases: 1 | 1 passed | 0 failed | 7 skipped
[doctest] assertions: 4 | 4 passed | 0 failed |
[doctest] Status: SUCCESS!
</system-out>
	</testcase>
	<testcase name="Codec::EnumChannelDirectionTest: listAsString" classname="Codec::EnumChannelDirectionTest: listAsString" time="0.002773" status="run">
		<system-out>[doctest] doctest version is "2.4.11"
[doctest] run with "--help" for options
===============================================================================
[doctest] test cases: 1 | 1 passed | 0 failed | 7 skipped
[doctest] assertions: 1 | 1 passed | 0 failed |
[doctest] Status: SUCCESS!
</system-out>
	</testcase>
	<testcase name="Codec::EnumChannelDirectionTest: ostreamOperator" classname="Codec::EnumChannelDirectionTest: ostreamOperator" time="0.00275247" status="run">
		<system-out>[doctest] doctest version is "2.4.11"
[doctest] run with "--help" for options
===============================================================================
[doctest] test cases: 1 | 1 passed | 0 failed | 7 skipped
[doctest] assertions: 1 | 1 passed | 0 failed |
[doctest] Status: SUCCESS!
</system-out>
	</testcase>
	<testcase name="main::Properties:all" classname="main::Properties:all" time="0.00221298" status="run">
		<system-out>[doctest] doctest version is "2.4.11"
[doctest] run with "--help" for options
===============================================================================
[doctest] test cases: 1 | 1 passed | 0 failed | 1 skipped
[doctest] assertions: 1 | 1 passed | 0 failed |
[doctest] Status: SUCCESS!
</system-out>
	</testcase>
	<testcase name="main::RedFlame:all" classname="main::RedFlame:all" time="0.00213298" status="run">
		<system-out>[doctest] doctest version is "2.4.11"
[doctest] run with "--help" for options
===============================================================================
[doctest] test cases: 1 | 1 passed | 0 failed | 1 skipped
[doctest] assertions: 1 | 1 passed | 0 failed |
[doctest] Status: SUCCESS!
</system-out>
	</testcase>
</testsuite>
